<?xml version="1.0" encoding="UTF-8"?>
<testsuite name="com.loadingbyte.cinecred.imaging.CSSTest" tests="75" skipped="0" failures="0" errors="0" timestamp="2026-04-12T18:36:37.780Z" hostname="GALADRIEL" time="0.121">
  <properties/>
  <testcase name="[1] fill: blue" classname="com.loadingbyte.cinecred.imaging.CSSTest" time="0.043"/>
  <testcase name="[2]   fill  :blue  " classname="com.loadingbyte.cinecred.imaging.CSSTest" time="0.001"/>
  <testcase name="[3] fill: blue;" classname="com.loadingbyte.cinecred.imaging.CSSTest" time="0.001"/>
  <testcase name="[4] ;;fill: blue;;" classname="com.loadingbyte.cinecred.imaging.CSSTest" time="0.0"/>
  <testcase name="[5] fill: blue } stroke: red" classname="com.loadingbyte.cinecred.imaging.CSSTest" time="0.0"/>
  <testcase name="[6] fill: blue; stroke:" classname="com.loadingbyte.cinecred.imaging.CSSTest" time="0.001"/>
  <testcase name="[7] fill: blue; : red" classname="com.loadingbyte.cinecred.imaging.CSSTest" time="0.001"/>
  <testcase name="[8] :::;fill:blue;stroke:;:red:" classname="com.loadingbyte.cinecred.imaging.CSSTest" time="0.0"/>
  <testcase name="[9] /* Hi */ fill: /* Hi */ blue /* Hi */" classname="com.loadingbyte.cinecred.imaging.CSSTest" time="0.0"/>
  <testcase name="[10] fill&#10;:&#10;blue" classname="com.loadingbyte.cinecred.imaging.CSSTest" time="0.0"/>
  <testcase name="[1] :blue" classname="com.loadingbyte.cinecred.imaging.CSSTest" time="0.001"/>
  <testcase name="[2] blue:" classname="com.loadingbyte.cinecred.imaging.CSSTest" time="0.0"/>
  <testcase name="[3] blue:red" classname="com.loadingbyte.cinecred.imaging.CSSTest" time="0.0"/>
  <testcase name="[4] : :blue:red ::" classname="com.loadingbyte.cinecred.imaging.CSSTest" time="0.0"/>
  <testcase name="[1] fill: blue !important" classname="com.loadingbyte.cinecred.imaging.CSSTest" time="0.001"/>
  <testcase name="[2] fill: blue  !   important" classname="com.loadingbyte.cinecred.imaging.CSSTest" time="0.001"/>
  <testcase name="[3] fill: blue!important" classname="com.loadingbyte.cinecred.imaging.CSSTest" time="0.0"/>
  <testcase name="parse complex stylesheet()" classname="com.loadingbyte.cinecred.imaging.CSSTest" time="0.009"/>
  <testcase name="[1] border: 1px solid 'a\';}b' black" classname="com.loadingbyte.cinecred.imaging.CSSTest" time="0.001"/>
  <testcase name="[2]   ; border: 1px&#10;solid '\&#10;a\'&#13;;}b' black  ;" classname="com.loadingbyte.cinecred.imaging.CSSTest" time="0.0"/>
  <testcase name="[1] fill: blue; stroke: red" classname="com.loadingbyte.cinecred.imaging.CSSTest" time="0.001"/>
  <testcase name="[2]   fill : blue;   stroke:red " classname="com.loadingbyte.cinecred.imaging.CSSTest" time="0.001"/>
  <testcase name="[3] ;; fill:blue;stroke:red ;;" classname="com.loadingbyte.cinecred.imaging.CSSTest" time="0.0"/>
  <testcase name="[4] ;;:a;:b:;fill:blue;::;stroke:red;;" classname="com.loadingbyte.cinecred.imaging.CSSTest" time="0.001"/>
  <testcase name="[5] fill:&#10;blue&#10;;stroke&#10;:red" classname="com.loadingbyte.cinecred.imaging.CSSTest" time="0.0"/>
  <testcase name="[6] fill: blue /* Hi */; stroke: red" classname="com.loadingbyte.cinecred.imaging.CSSTest" time="0.0"/>
  <testcase name="[1] , []" classname="com.loadingbyte.cinecred.imaging.CSSTest" time="0.001"/>
  <testcase name="[2] *, [Selector(simpleSelectors=[SimpleSelector(type=*, id=null, classes=[], pseudoClasses=[], attributeConditions=[])], combinators=[])]" classname="com.loadingbyte.cinecred.imaging.CSSTest" time="0.0"/>
  <testcase name="[3] rect, [Selector(simpleSelectors=[SimpleSelector(type=rect, id=null, classes=[], pseudoClasses=[], attributeConditions=[])], combinators=[])]" classname="com.loadingbyte.cinecred.imaging.CSSTest" time="0.0"/>
  <testcase name="[4] #myElem, [Selector(simpleSelectors=[SimpleSelector(type=*, id=myElem, classes=[], pseudoClasses=[], attributeConditions=[])], combinators=[])]" classname="com.loadingbyte.cinecred.imaging.CSSTest" time="0.0"/>
  <testcase name="[5] .my-class, [Selector(simpleSelectors=[SimpleSelector(type=*, id=null, classes=[my-class], pseudoClasses=[], attributeConditions=[])], combinators=[])]" classname="com.loadingbyte.cinecred.imaging.CSSTest" time="0.0"/>
  <testcase name="[6] :focus, [Selector(simpleSelectors=[SimpleSelector(type=*, id=null, classes=[], pseudoClasses=[focus], attributeConditions=[])], combinators=[])]" classname="com.loadingbyte.cinecred.imaging.CSSTest" time="0.0"/>
  <testcase name="[7] *.my-class, [Selector(simpleSelectors=[SimpleSelector(type=*, id=null, classes=[my-class], pseudoClasses=[], attributeConditions=[])], combinators=[])]" classname="com.loadingbyte.cinecred.imaging.CSSTest" time="0.0"/>
  <testcase name="[8] g.cl1:p1#id1.cl2:p2, [Selector(simpleSelectors=[SimpleSelector(type=g, id=id1, classes=[cl1, cl2], pseudoClasses=[p1, p2], attributeConditions=[])], combinators=[])]" classname="com.loadingbyte.cinecred.imaging.CSSTest" time="0.0"/>
  <testcase name="[9]   rect  , [Selector(simpleSelectors=[SimpleSelector(type=rect, id=null, classes=[], pseudoClasses=[], attributeConditions=[])], combinators=[])]" classname="com.loadingbyte.cinecred.imaging.CSSTest" time="0.001"/>
  <testcase name="[10] .:#myElem, [Selector(simpleSelectors=[SimpleSelector(type=*, id=myElem, classes=[], pseudoClasses=[], attributeConditions=[])], combinators=[])]" classname="com.loadingbyte.cinecred.imaging.CSSTest" time="0.0"/>
  <testcase name="[11] [], []" classname="com.loadingbyte.cinecred.imaging.CSSTest" time="0.0"/>
  <testcase name="[12] [a], [Selector(simpleSelectors=[SimpleSelector(type=*, id=null, classes=[], pseudoClasses=[], attributeConditions=[AttributeCondition(attribute=a, matcher=null, value=null)])], combinators=[])]" classname="com.loadingbyte.cinecred.imaging.CSSTest" time="0.0"/>
  <testcase name="[13] [ ab  ], [Selector(simpleSelectors=[SimpleSelector(type=*, id=null, classes=[], pseudoClasses=[], attributeConditions=[AttributeCondition(attribute=ab, matcher=null, value=null)])], combinators=[])]" classname="com.loadingbyte.cinecred.imaging.CSSTest" time="0.0"/>
  <testcase name="[14]   [ab]  , [Selector(simpleSelectors=[SimpleSelector(type=*, id=null, classes=[], pseudoClasses=[], attributeConditions=[AttributeCondition(attribute=ab, matcher=null, value=null)])], combinators=[])]" classname="com.loadingbyte.cinecred.imaging.CSSTest" time="0.0"/>
  <testcase name="[15] *[ab], [Selector(simpleSelectors=[SimpleSelector(type=*, id=null, classes=[], pseudoClasses=[], attributeConditions=[AttributeCondition(attribute=ab, matcher=null, value=null)])], combinators=[])]" classname="com.loadingbyte.cinecred.imaging.CSSTest" time="0.0"/>
  <testcase name="[16] [=], []" classname="com.loadingbyte.cinecred.imaging.CSSTest" time="0.001"/>
  <testcase name="[17] [ ~=  ], []" classname="com.loadingbyte.cinecred.imaging.CSSTest" time="0.0"/>
  <testcase name="[18] [|=b], []" classname="com.loadingbyte.cinecred.imaging.CSSTest" time="0.0"/>
  <testcase name="[19] [a=], [Selector(simpleSelectors=[SimpleSelector(type=*, id=null, classes=[], pseudoClasses=[], attributeConditions=[AttributeCondition(attribute=a, matcher=null, value=null)])], combinators=[])]" classname="com.loadingbyte.cinecred.imaging.CSSTest" time="0.0"/>
  <testcase name="[20] [a=  ], [Selector(simpleSelectors=[SimpleSelector(type=*, id=null, classes=[], pseudoClasses=[], attributeConditions=[AttributeCondition(attribute=a, matcher=null, value=null)])], combinators=[])]" classname="com.loadingbyte.cinecred.imaging.CSSTest" time="0.001"/>
  <testcase name="[21] [a=b], [Selector(simpleSelectors=[SimpleSelector(type=*, id=null, classes=[], pseudoClasses=[], attributeConditions=[AttributeCondition(attribute=a, matcher=EQUALS, value=b)])], combinators=[])]" classname="com.loadingbyte.cinecred.imaging.CSSTest" time="0.0"/>
  <testcase name="[22] [a~=b], [Selector(simpleSelectors=[SimpleSelector(type=*, id=null, classes=[], pseudoClasses=[], attributeConditions=[AttributeCondition(attribute=a, matcher=INCLUDES, value=b)])], combinators=[])]" classname="com.loadingbyte.cinecred.imaging.CSSTest" time="0.0"/>
  <testcase name="[23] [a|=b], [Selector(simpleSelectors=[SimpleSelector(type=*, id=null, classes=[], pseudoClasses=[], attributeConditions=[AttributeCondition(attribute=a, matcher=DASH_MATCH, value=b)])], combinators=[])]" classname="com.loadingbyte.cinecred.imaging.CSSTest" time="0.001"/>
  <testcase name="[24] [abc=def], [Selector(simpleSelectors=[SimpleSelector(type=*, id=null, classes=[], pseudoClasses=[], attributeConditions=[AttributeCondition(attribute=abc, matcher=EQUALS, value=def)])], combinators=[])]" classname="com.loadingbyte.cinecred.imaging.CSSTest" time="0.0"/>
  <testcase name="[25] [  ab   = cd  ], [Selector(simpleSelectors=[SimpleSelector(type=*, id=null, classes=[], pseudoClasses=[], attributeConditions=[AttributeCondition(attribute=ab, matcher=EQUALS, value=cd)])], combinators=[])]" classname="com.loadingbyte.cinecred.imaging.CSSTest" time="0.0"/>
  <testcase name="[26] [ab=''], [Selector(simpleSelectors=[SimpleSelector(type=*, id=null, classes=[], pseudoClasses=[], attributeConditions=[AttributeCondition(attribute=ab, matcher=null, value=null)])], combinators=[])]" classname="com.loadingbyte.cinecred.imaging.CSSTest" time="0.001"/>
  <testcase name="[27] [ab='cd'], [Selector(simpleSelectors=[SimpleSelector(type=*, id=null, classes=[], pseudoClasses=[], attributeConditions=[AttributeCondition(attribute=ab, matcher=EQUALS, value=cd)])], combinators=[])]" classname="com.loadingbyte.cinecred.imaging.CSSTest" time="0.0"/>
  <testcase name="[28] [ab=&quot;cd&quot;], [Selector(simpleSelectors=[SimpleSelector(type=*, id=null, classes=[], pseudoClasses=[], attributeConditions=[AttributeCondition(attribute=ab, matcher=EQUALS, value=cd)])], combinators=[])]" classname="com.loadingbyte.cinecred.imaging.CSSTest" time="0.0"/>
  <testcase name="[29] [ab='c\'d]e'], [Selector(simpleSelectors=[SimpleSelector(type=*, id=null, classes=[], pseudoClasses=[], attributeConditions=[AttributeCondition(attribute=ab, matcher=EQUALS, value=c'd]e)])], combinators=[])]" classname="com.loadingbyte.cinecred.imaging.CSSTest" time="0.0"/>
  <testcase name="[30] [ab=&quot;c\&quot;d]e&quot;], [Selector(simpleSelectors=[SimpleSelector(type=*, id=null, classes=[], pseudoClasses=[], attributeConditions=[AttributeCondition(attribute=ab, matcher=EQUALS, value=c&quot;d]e)])], combinators=[])]" classname="com.loadingbyte.cinecred.imaging.CSSTest" time="0.0"/>
  <testcase name="[31] [ab= 'cd'  ], [Selector(simpleSelectors=[SimpleSelector(type=*, id=null, classes=[], pseudoClasses=[], attributeConditions=[AttributeCondition(attribute=ab, matcher=EQUALS, value=cd)])], combinators=[])]" classname="com.loadingbyte.cinecred.imaging.CSSTest" time="0.0"/>
  <testcase name="[32] [ab= c 'de'f], [Selector(simpleSelectors=[SimpleSelector(type=*, id=null, classes=[], pseudoClasses=[], attributeConditions=[AttributeCondition(attribute=ab, matcher=EQUALS, value=de)])], combinators=[])]" classname="com.loadingbyte.cinecred.imaging.CSSTest" time="0.001"/>
  <testcase name="[33] path[ a =b][c ~=de ], [Selector(simpleSelectors=[SimpleSelector(type=path, id=null, classes=[], pseudoClasses=[], attributeConditions=[AttributeCondition(attribute=a, matcher=EQUALS, value=b), AttributeCondition(attribute=c, matcher=INCLUDES, value=de)])], combinators=[])]" classname="com.loadingbyte.cinecred.imaging.CSSTest" time="0.0"/>
  <testcase name="[34] g.cl[a=b]#id, [Selector(simpleSelectors=[SimpleSelector(type=g, id=id, classes=[cl], pseudoClasses=[], attributeConditions=[AttributeCondition(attribute=a, matcher=EQUALS, value=b)])], combinators=[])]" classname="com.loadingbyte.cinecred.imaging.CSSTest" time="0.0"/>
  <testcase name="[35] g path, [Selector(simpleSelectors=[SimpleSelector(type=g, id=null, classes=[], pseudoClasses=[], attributeConditions=[]), SimpleSelector(type=path, id=null, classes=[], pseudoClasses=[], attributeConditions=[])], combinators=[DESCENDANT])]" classname="com.loadingbyte.cinecred.imaging.CSSTest" time="0.0"/>
  <testcase name="[36] g .cl, [Selector(simpleSelectors=[SimpleSelector(type=g, id=null, classes=[], pseudoClasses=[], attributeConditions=[]), SimpleSelector(type=*, id=null, classes=[cl], pseudoClasses=[], attributeConditions=[])], combinators=[DESCENDANT])]" classname="com.loadingbyte.cinecred.imaging.CSSTest" time="0.001"/>
  <testcase name="[37] #i g:p, [Selector(simpleSelectors=[SimpleSelector(type=*, id=i, classes=[], pseudoClasses=[], attributeConditions=[]), SimpleSelector(type=g, id=null, classes=[], pseudoClasses=[p], attributeConditions=[])], combinators=[DESCENDANT])]" classname="com.loadingbyte.cinecred.imaging.CSSTest" time="0.0"/>
  <testcase name="[38] g [a=b], [Selector(simpleSelectors=[SimpleSelector(type=g, id=null, classes=[], pseudoClasses=[], attributeConditions=[]), SimpleSelector(type=*, id=null, classes=[], pseudoClasses=[], attributeConditions=[AttributeCondition(attribute=a, matcher=EQUALS, value=b)])], combinators=[DESCENDANT])]" classname="com.loadingbyte.cinecred.imaging.CSSTest" time="0.001"/>
  <testcase name="[39] g&gt;path, [Selector(simpleSelectors=[SimpleSelector(type=g, id=null, classes=[], pseudoClasses=[], attributeConditions=[]), SimpleSelector(type=path, id=null, classes=[], pseudoClasses=[], attributeConditions=[])], combinators=[CHILD])]" classname="com.loadingbyte.cinecred.imaging.CSSTest" time="0.0"/>
  <testcase name="[40] g &gt; path, [Selector(simpleSelectors=[SimpleSelector(type=g, id=null, classes=[], pseudoClasses=[], attributeConditions=[]), SimpleSelector(type=path, id=null, classes=[], pseudoClasses=[], attributeConditions=[])], combinators=[CHILD])]" classname="com.loadingbyte.cinecred.imaging.CSSTest" time="0.0"/>
  <testcase name="[41] g &gt; .cl, [Selector(simpleSelectors=[SimpleSelector(type=g, id=null, classes=[], pseudoClasses=[], attributeConditions=[]), SimpleSelector(type=*, id=null, classes=[cl], pseudoClasses=[], attributeConditions=[])], combinators=[CHILD])]" classname="com.loadingbyte.cinecred.imaging.CSSTest" time="0.0"/>
  <testcase name="[42] g &gt; *[a=b], [Selector(simpleSelectors=[SimpleSelector(type=g, id=null, classes=[], pseudoClasses=[], attributeConditions=[]), SimpleSelector(type=*, id=null, classes=[], pseudoClasses=[], attributeConditions=[AttributeCondition(attribute=a, matcher=EQUALS, value=b)])], combinators=[CHILD])]" classname="com.loadingbyte.cinecred.imaging.CSSTest" time="0.001"/>
  <testcase name="[43] g &gt; * &gt; g, [Selector(simpleSelectors=[SimpleSelector(type=g, id=null, classes=[], pseudoClasses=[], attributeConditions=[]), SimpleSelector(type=*, id=null, classes=[], pseudoClasses=[], attributeConditions=[]), SimpleSelector(type=g, id=null, classes=[], pseudoClasses=[], attributeConditions=[])], combinators=[CHILD, CHILD])]" classname="com.loadingbyte.cinecred.imaging.CSSTest" time="0.0"/>
  <testcase name="[44] g + path, [Selector(simpleSelectors=[SimpleSelector(type=g, id=null, classes=[], pseudoClasses=[], attributeConditions=[]), SimpleSelector(type=path, id=null, classes=[], pseudoClasses=[], attributeConditions=[])], combinators=[ADJACENT])]" classname="com.loadingbyte.cinecred.imaging.CSSTest" time="0.0"/>
  <testcase name="[45] g g &gt; g + g, [Selector(simpleSelectors=[SimpleSelector(type=g, id=null, classes=[], pseudoClasses=[], attributeConditions=[]), SimpleSelector(type=g, id=null, classes=[], pseudoClasses=[], attributeConditions=[]), SimpleSelector(type=g, id=null, classes=[], pseudoClasses=[], attributeConditions=[]), SimpleSelector(type=g, id=null, classes=[], pseudoClasses=[], attributeConditions=[])], combinators=[DESCENDANT, CHILD, ADJACENT])]" classname="com.loadingbyte.cinecred.imaging.CSSTest" time="0.0"/>
  <testcase name="[46] g &gt;+&gt;+g, [Selector(simpleSelectors=[SimpleSelector(type=g, id=null, classes=[], pseudoClasses=[], attributeConditions=[]), SimpleSelector(type=g, id=null, classes=[], pseudoClasses=[], attributeConditions=[])], combinators=[ADJACENT])]" classname="com.loadingbyte.cinecred.imaging.CSSTest" time="0.0"/>
  <testcase name="[47] path, rect, [Selector(simpleSelectors=[SimpleSelector(type=path, id=null, classes=[], pseudoClasses=[], attributeConditions=[])], combinators=[]), Selector(simpleSelectors=[SimpleSelector(type=rect, id=null, classes=[], pseudoClasses=[], attributeConditions=[])], combinators=[])]" classname="com.loadingbyte.cinecred.imaging.CSSTest" time="0.0"/>
  <testcase name="[48] g#i, g &gt; g, [Selector(simpleSelectors=[SimpleSelector(type=g, id=i, classes=[], pseudoClasses=[], attributeConditions=[])], combinators=[]), Selector(simpleSelectors=[SimpleSelector(type=g, id=null, classes=[], pseudoClasses=[], attributeConditions=[]), SimpleSelector(type=g, id=null, classes=[], pseudoClasses=[], attributeConditions=[])], combinators=[CHILD])]" classname="com.loadingbyte.cinecred.imaging.CSSTest" time="0.0"/>
  <testcase name="[49] g.cl1#id1.cl2 /* Hallo */ &gt; *:ps1[ ab= '\&#13;c'], path[a=b][c~=d] + g&#10;g, rect, [Selector(simpleSelectors=[SimpleSelector(type=g, id=id1, classes=[cl1, cl2], pseudoClasses=[], attributeConditions=[]), SimpleSelector(type=*, id=null, classes=[], pseudoClasses=[ps1], attributeConditions=[AttributeCondition(attribute=ab, matcher=EQUALS, value=c)])], combinators=[CHILD]), Selector(simpleSelectors=[SimpleSelector(type=path, id=null, classes=[], pseudoClasses=[], attributeConditions=[AttributeCondition(attribute=a, matcher=EQUALS, value=b), AttributeCondition(attribute=c, matcher=INCLUDES, …" classname="com.loadingbyte.cinecred.imaging.CSSTest" time="0.0"/>
  <system-out><![CDATA[]]></system-out>
  <system-err><![CDATA[]]></system-err>
</testsuite>
