<?xml version="1.0" encoding="UTF-8"?>
<testsuite name="com.loadingbyte.cinecred.imaging.YTest" tests="42" skipped="0" failures="0" errors="0" timestamp="2026-04-12T18:36:38.148Z" hostname="GALADRIEL" time="0.026">
  <properties/>
  <testcase name="[1] com.loadingbyte.cinecred.imaging.YTest$$Lambda/0x000002a24e292780@5f7f2382, [0.0, 0.5, 1.0, 1.5], [0.0, 0.0, 0.0, 0.0]" classname="com.loadingbyte.cinecred.imaging.YTest" time="0.002"/>
  <testcase name="[2] com.loadingbyte.cinecred.imaging.YTest$$Lambda/0x000002a24e2929a0@452e26d0, [0.0, 0.5, 1.0, 1.5], [10.0, 10.0, 10.0, 10.0]" classname="com.loadingbyte.cinecred.imaging.YTest" time="0.001"/>
  <testcase name="[3] com.loadingbyte.cinecred.imaging.YTest$$Lambda/0x000002a24e292bc0@790174f2, [0.0, 0.5, 1.0, 1.5], [-10.0, -10.0, -10.0, -10.0]" classname="com.loadingbyte.cinecred.imaging.YTest" time="0.001"/>
  <testcase name="[4] com.loadingbyte.cinecred.imaging.YTest$$Lambda/0x000002a24e292de0@7689ddef, [0.0, 0.5, 1.0, 1.5], [0.0, 5.0, 10.0, 15.0]" classname="com.loadingbyte.cinecred.imaging.YTest" time="0.0"/>
  <testcase name="[5] com.loadingbyte.cinecred.imaging.YTest$$Lambda/0x000002a24e293000@1a2e2935, [0.0, 0.5, 1.0, 1.5], [0.0, -5.0, -10.0, -15.0]" classname="com.loadingbyte.cinecred.imaging.YTest" time="0.001"/>
  <testcase name="[6] com.loadingbyte.cinecred.imaging.YTest$$Lambda/0x000002a24e293220@4b629f13, [0.0, 0.5, 1.0, 1.5], [7.0, 12.0, 17.0, 22.0]" classname="com.loadingbyte.cinecred.imaging.YTest" time="0.0"/>
  <testcase name="[7] com.loadingbyte.cinecred.imaging.YTest$$Lambda/0x000002a24e293440@1b9ea3e3, [0.0, 0.5, 1.0, 1.5], [7.0, 14.5, 22.0, 29.5]" classname="com.loadingbyte.cinecred.imaging.YTest" time="0.0"/>
  <testcase name="[8] com.loadingbyte.cinecred.imaging.YTest$$Lambda/0x000002a24e293660@55e7a35c, [0.0, 0.5, 1.0, 1.5], [3.5, 6.0, 8.5, 11.0]" classname="com.loadingbyte.cinecred.imaging.YTest" time="0.0"/>
  <testcase name="[9] com.loadingbyte.cinecred.imaging.YTest$$Lambda/0x000002a24e293880@5922ae77, [0.0, 0.5, 1.0, 1.5, 2.0, 3.0], [7.0, 9.5, 12.0, 14.5, 17.0, 22.0]" classname="com.loadingbyte.cinecred.imaging.YTest" time="0.0"/>
  <testcase name="[10] com.loadingbyte.cinecred.imaging.YTest$$Lambda/0x000002a24e293aa0@2af616d3, [0.0, 0.5, 1.0, 1.5], [7.0, 7.0, 7.0, 7.0]" classname="com.loadingbyte.cinecred.imaging.YTest" time="0.001"/>
  <testcase name="[11] com.loadingbyte.cinecred.imaging.YTest$$Lambda/0x000002a24e293cc0@3deb2326, [0.0, 0.5, 1.0, 1.5], [0.0, 5.0, 10.0, 15.0]" classname="com.loadingbyte.cinecred.imaging.YTest" time="0.001"/>
  <testcase name="[12] com.loadingbyte.cinecred.imaging.YTest$$Lambda/0x000002a24e293ee0@4108fa66, [0.0, 0.5, 1.0, 1.5], [10.0, 12.5, 15.0, 17.5]" classname="com.loadingbyte.cinecred.imaging.YTest" time="0.0"/>
  <testcase name="[13] com.loadingbyte.cinecred.imaging.YTest$$Lambda/0x000002a24e294100@7e0aadd0, [0.0, 0.25, 0.4, 0.5, 0.75, 1.0, 1.5], [10.0, 11.25, 12.0, 12.5, 18.75, 25.0, 37.5]" classname="com.loadingbyte.cinecred.imaging.YTest" time="0.0"/>
  <testcase name="[14] com.loadingbyte.cinecred.imaging.YTest$$Lambda/0x000002a24e294320@27eb3298, [0.0, 0.25, 0.4, 0.5, 0.75, 1.0, 1.5], [10.0, 11.25, 12.0, 12.5, 13.75, 15.0, 22.5]" classname="com.loadingbyte.cinecred.imaging.YTest" time="0.0"/>
  <testcase name="[15] com.loadingbyte.cinecred.imaging.YTest$$Lambda/0x000002a24e294540@bc57b40, [0.0, 0.25, 0.4, 0.5, 0.75, 1.0, 1.5, 2.0, 2.5], [10.0, 11.25, 12.0, 12.5, 13.75, 15.0, 17.5, 20.0, 25.0]" classname="com.loadingbyte.cinecred.imaging.YTest" time="0.0"/>
  <testcase name="[16] com.loadingbyte.cinecred.imaging.YTest$$Lambda/0x000002a24e294760@655a5d9c, [0.0, 0.25, 0.4, 0.5, 0.75, 1.0, 3.0, 4.0, 5.0], [10.0, 11.25, 12.0, 12.5, 13.75, 15.0, 25.0, 30.0, 37.5]" classname="com.loadingbyte.cinecred.imaging.YTest" time="0.0"/>
  <testcase name="[17] com.loadingbyte.cinecred.imaging.YTest$$Lambda/0x000002a24e294980@34abdee4, [0.0, 0.25, 0.4, 0.5, 0.75, 1.0, 1.5], [15.0, 16.875, 18.0, 18.75, 25.625, 32.5, 46.25]" classname="com.loadingbyte.cinecred.imaging.YTest" time="0.0"/>
  <testcase name="[18] com.loadingbyte.cinecred.imaging.YTest$$Lambda/0x000002a24e294ba0@4628b1d3, [0.0, 0.25, 0.4, 0.5, 0.75, 0.8, 1.0, 1.5], [10.0, 11.25, 12.0, 14.0, 19.0, 20.0, 25.0, 37.5]" classname="com.loadingbyte.cinecred.imaging.YTest" time="0.0"/>
  <testcase name="[19] com.loadingbyte.cinecred.imaging.YTest$$Lambda/0x000002a24e294dc0@1df98368, [0.0, 0.05, 0.1, 0.2, 0.25, 0.3, 0.4, 0.5, 0.75, 0.8, 1.0, 1.5], [16.5, 15.0, 13.5, 12.0, 11.25, 11.5, 12.0, 14.0, 19.0, 20.0, 25.0, 37.5]" classname="com.loadingbyte.cinecred.imaging.YTest" time="0.0"/>
  <testcase name="[20] com.loadingbyte.cinecred.imaging.YTest$$Lambda/0x000002a24e294fe0@226f885f, [0.0, 0.05, 0.1, 0.2, 0.3, 0.4, 0.5, 0.75, 0.8, 1.0, 1.5], [26.5, 25.25, 24.0, 23.0, 22.0, 21.0, 21.5, 22.75, 23.0, 25.0, 30.0]" classname="com.loadingbyte.cinecred.imaging.YTest" time="0.001"/>
  <testcase name="[1] com.loadingbyte.cinecred.imaging.YTest$$Lambda/0x000002a24e292780@5f7f2382, [0.0, 0.5, 1.0, 1.5], [0.0, 0.0, 0.0, 0.0]" classname="com.loadingbyte.cinecred.imaging.YTest" time="0.003"/>
  <testcase name="[2] com.loadingbyte.cinecred.imaging.YTest$$Lambda/0x000002a24e2929a0@452e26d0, [0.0, 0.5, 1.0, 1.5], [10.0, 10.0, 10.0, 10.0]" classname="com.loadingbyte.cinecred.imaging.YTest" time="0.001"/>
  <testcase name="[3] com.loadingbyte.cinecred.imaging.YTest$$Lambda/0x000002a24e292bc0@790174f2, [0.0, 0.5, 1.0, 1.5], [-10.0, -10.0, -10.0, -10.0]" classname="com.loadingbyte.cinecred.imaging.YTest" time="0.0"/>
  <testcase name="[4] com.loadingbyte.cinecred.imaging.YTest$$Lambda/0x000002a24e292de0@7689ddef, [0.0, 0.5, 1.0, 1.5], [0.0, 5.0, 10.0, 15.0]" classname="com.loadingbyte.cinecred.imaging.YTest" time="0.001"/>
  <testcase name="[5] com.loadingbyte.cinecred.imaging.YTest$$Lambda/0x000002a24e293000@1a2e2935, [0.0, 0.5, 1.0, 1.5], [0.0, -5.0, -10.0, -15.0]" classname="com.loadingbyte.cinecred.imaging.YTest" time="0.0"/>
  <testcase name="[6] com.loadingbyte.cinecred.imaging.YTest$$Lambda/0x000002a24e293220@4b629f13, [0.0, 0.5, 1.0, 1.5], [7.0, 12.0, 17.0, 22.0]" classname="com.loadingbyte.cinecred.imaging.YTest" time="0.0"/>
  <testcase name="[7] com.loadingbyte.cinecred.imaging.YTest$$Lambda/0x000002a24e293440@1b9ea3e3, [0.0, 0.5, 1.0, 1.5], [7.0, 14.5, 22.0, 29.5]" classname="com.loadingbyte.cinecred.imaging.YTest" time="0.0"/>
  <testcase name="[8] com.loadingbyte.cinecred.imaging.YTest$$Lambda/0x000002a24e293660@55e7a35c, [0.0, 0.5, 1.0, 1.5], [3.5, 6.0, 8.5, 11.0]" classname="com.loadingbyte.cinecred.imaging.YTest" time="0.0"/>
  <testcase name="[9] com.loadingbyte.cinecred.imaging.YTest$$Lambda/0x000002a24e293880@5922ae77, [0.0, 0.5, 1.0, 1.5, 2.0, 3.0], [7.0, 9.5, 12.0, 14.5, 17.0, 22.0]" classname="com.loadingbyte.cinecred.imaging.YTest" time="0.001"/>
  <testcase name="[10] com.loadingbyte.cinecred.imaging.YTest$$Lambda/0x000002a24e293aa0@2af616d3, [0.0, 0.5, 1.0, 1.5], [7.0, 7.0, 7.0, 7.0]" classname="com.loadingbyte.cinecred.imaging.YTest" time="0.0"/>
  <testcase name="[11] com.loadingbyte.cinecred.imaging.YTest$$Lambda/0x000002a24e293cc0@3deb2326, [0.0, 0.5, 1.0, 1.5], [0.0, 5.0, 10.0, 15.0]" classname="com.loadingbyte.cinecred.imaging.YTest" time="0.0"/>
  <testcase name="[12] com.loadingbyte.cinecred.imaging.YTest$$Lambda/0x000002a24e293ee0@4108fa66, [0.0, 0.5, 1.0, 1.5], [10.0, 12.5, 15.0, 17.5]" classname="com.loadingbyte.cinecred.imaging.YTest" time="0.0"/>
  <testcase name="[13] com.loadingbyte.cinecred.imaging.YTest$$Lambda/0x000002a24e294100@7e0aadd0, [0.0, 0.25, 0.4, 0.5, 0.75, 1.0, 1.5], [10.0, 11.25, 12.0, 12.5, 18.75, 25.0, 37.5]" classname="com.loadingbyte.cinecred.imaging.YTest" time="0.0"/>
  <testcase name="[14] com.loadingbyte.cinecred.imaging.YTest$$Lambda/0x000002a24e294320@27eb3298, [0.0, 0.25, 0.4, 0.5, 0.75, 1.0, 1.5], [10.0, 11.25, 12.0, 12.5, 13.75, 15.0, 22.5]" classname="com.loadingbyte.cinecred.imaging.YTest" time="0.0"/>
  <testcase name="[15] com.loadingbyte.cinecred.imaging.YTest$$Lambda/0x000002a24e294540@bc57b40, [0.0, 0.25, 0.4, 0.5, 0.75, 1.0, 1.5, 2.0, 2.5], [10.0, 11.25, 12.0, 12.5, 13.75, 15.0, 17.5, 20.0, 25.0]" classname="com.loadingbyte.cinecred.imaging.YTest" time="0.001"/>
  <testcase name="[16] com.loadingbyte.cinecred.imaging.YTest$$Lambda/0x000002a24e294760@655a5d9c, [0.0, 0.25, 0.4, 0.5, 0.75, 1.0, 3.0, 4.0, 5.0], [10.0, 11.25, 12.0, 12.5, 13.75, 15.0, 25.0, 30.0, 37.5]" classname="com.loadingbyte.cinecred.imaging.YTest" time="0.0"/>
  <testcase name="[17] com.loadingbyte.cinecred.imaging.YTest$$Lambda/0x000002a24e294980@34abdee4, [0.0, 0.25, 0.4, 0.5, 0.75, 1.0, 1.5], [15.0, 16.875, 18.0, 18.75, 25.625, 32.5, 46.25]" classname="com.loadingbyte.cinecred.imaging.YTest" time="0.0"/>
  <testcase name="[18] com.loadingbyte.cinecred.imaging.YTest$$Lambda/0x000002a24e294ba0@4628b1d3, [0.0, 0.25, 0.4, 0.5, 0.75, 0.8, 1.0, 1.5], [10.0, 11.25, 12.0, 14.0, 19.0, 20.0, 25.0, 37.5]" classname="com.loadingbyte.cinecred.imaging.YTest" time="0.0"/>
  <testcase name="[19] com.loadingbyte.cinecred.imaging.YTest$$Lambda/0x000002a24e294dc0@1df98368, [0.0, 0.05, 0.1, 0.2, 0.25, 0.3, 0.4, 0.5, 0.75, 0.8, 1.0, 1.5], [16.5, 15.0, 13.5, 12.0, 11.25, 11.5, 12.0, 14.0, 19.0, 20.0, 25.0, 37.5]" classname="com.loadingbyte.cinecred.imaging.YTest" time="0.001"/>
  <testcase name="[20] com.loadingbyte.cinecred.imaging.YTest$$Lambda/0x000002a24e294fe0@226f885f, [0.0, 0.05, 0.1, 0.2, 0.3, 0.4, 0.5, 0.75, 0.8, 1.0, 1.5], [26.5, 25.25, 24.0, 23.0, 22.0, 21.0, 21.5, 22.75, 23.0, 25.0, 30.0]" classname="com.loadingbyte.cinecred.imaging.YTest" time="0.0"/>
  <testcase name="deresolve ambiguous()" classname="com.loadingbyte.cinecred.imaging.YTest" time="0.0"/>
  <testcase name="deresolve best match()" classname="com.loadingbyte.cinecred.imaging.YTest" time="0.0"/>
  <system-out><![CDATA[]]></system-out>
  <system-err><![CDATA[]]></system-err>
</testsuite>
